0 verbose cli C:\Program Files\nodejs\node.exe C:\Users\Pham Tuan Phu\AppData\Roaming\npm\node_modules\npm\bin\npm-cli.js
1 info using npm@9.7.1
2 info using node@v18.15.0
3 timing npm:load:whichnode Completed in 3ms
4 timing config:load:defaults Completed in 6ms
5 timing config:load:file:C:\Users\Pham Tuan Phu\AppData\Roaming\npm\node_modules\npm\npmrc Completed in 3ms
6 timing config:load:builtin Completed in 3ms
7 timing config:load:cli Completed in 3ms
8 timing config:load:env Completed in 0ms
9 timing config:load:file:c:\Users\Pham Tuan Phu\Desktop\music-next\.npmrc Completed in 0ms
10 timing config:load:project Completed in 2ms
11 timing config:load:file:C:\Users\Pham Tuan Phu\.npmrc Completed in 1ms
12 timing config:load:user Completed in 1ms
13 timing config:load:file:C:\Users\Pham Tuan Phu\AppData\Roaming\npm\etc\npmrc Completed in 1ms
14 timing config:load:global Completed in 1ms
15 timing config:load:setEnvs Completed in 2ms
16 timing config:load Completed in 18ms
17 timing npm:load:configload Completed in 18ms
18 timing config:load:flatten Completed in 8ms
19 timing npm:load:mkdirpcache Completed in 1ms
20 timing npm:load:mkdirplogs Completed in 0ms
21 verbose title npm view react description dist-tags.latest homepage version time
22 verbose argv "view" "--json" "react" "description" "dist-tags.latest" "homepage" "version" "time"
23 timing npm:load:setTitle Completed in 3ms
24 timing npm:load:display Completed in 1ms
25 verbose logfile logs-max:10 dir:C:\Users\Pham Tuan Phu\Desktop\music-next\tmpnodejsnpm-cache\_logs\2023-06-16T17_23_31_218Z-
26 verbose logfile C:\Users\Pham Tuan Phu\Desktop\music-next\tmpnodejsnpm-cache\_logs\2023-06-16T17_23_31_218Z-debug-0.log
27 timing npm:load:logFile Completed in 19ms
28 timing npm:load:timers Completed in 0ms
29 timing npm:load:configScope Completed in 0ms
30 timing npm:load Completed in 102ms
31 silly logfile done cleaning log files
32 http fetch GET 200 https://registry.npmjs.org/react 419ms (cache miss)
33 timing command:view Completed in 526ms
34 verbose exit 0
35 timing npm Completed in 1070ms
36 info ok
